<?xml version="1.0" encoding="UTF-8"?>
<testng-results skipped="0" failed="0" ignored="0" total="2" passed="2">
  <reporter-output>
  </reporter-output>
  <suite name="Suite" duration-ms="36623" started-at="2018-09-21T10:20:06Z" finished-at="2018-09-21T10:20:42Z">
    <groups>
    </groups>
    <test name="Test" duration-ms="36623" started-at="2018-09-21T10:20:06Z" finished-at="2018-09-21T10:20:42Z">
      <class name="com.test.qa.tests.LoginPageTest">
        <test-method status="PASS" signature="setup()[pri:0, instance:com.test.qa.tests.LoginPageTest@6eebc39e]" name="setup" is-config="true" duration-ms="47967" started-at="2018-09-21T10:19:18Z" finished-at="2018-09-21T10:20:06Z">
          <reporter-output>
          </reporter-output>
        </test-method> <!-- setup -->
        <test-method status="PASS" signature="login()[pri:0, instance:com.test.qa.tests.LoginPageTest@6eebc39e]" name="login" duration-ms="17492" started-at="2018-09-21T10:20:06Z" finished-at="2018-09-21T10:20:23Z">
          <reporter-output>
          </reporter-output>
        </test-method> <!-- login -->
        <test-method status="PASS" signature="create_StoryCards()[pri:13, instance:com.test.qa.tests.LoginPageTest@6eebc39e]" name="create_StoryCards" duration-ms="19112" started-at="2018-09-21T10:20:23Z" finished-at="2018-09-21T10:20:42Z">
          <reporter-output>
          </reporter-output>
        </test-method> <!-- create_StoryCards -->
        <test-method status="PASS" signature="close()[pri:0, instance:com.test.qa.tests.LoginPageTest@6eebc39e]" name="close" is-config="true" duration-ms="0" started-at="2018-09-21T10:20:42Z" finished-at="2018-09-21T10:20:42Z">
          <reporter-output>
          </reporter-output>
        </test-method> <!-- close -->
      </class> <!-- com.test.qa.tests.LoginPageTest -->
    </test> <!-- Test -->
  </suite> <!-- Suite -->
</testng-results>
